[    21.218] (--) Log file renamed from "/home/nenad/.local/share/xorg/Xorg.pid-1337.log" to "/home/nenad/.local/share/xorg/Xorg.0.log"
[    21.219] 
X.Org X Server 1.20.4
X Protocol Version 11, Revision 0
[    21.219] Build Operating System: Linux 4.4.0-148-generic x86_64 Ubuntu
[    21.219] Current Operating System: Linux nenad-Swift-SF314-54 5.0.0-37-generic #40~18.04.1-Ubuntu SMP Thu Nov 14 12:06:39 UTC 2019 x86_64
[    21.219] Kernel command line: BOOT_IMAGE=/boot/vmlinuz-5.0.0-37-generic root=UUID=39874f38-98bd-4629-adc4-9964c152937c ro quiet splash vt.handoff=1
[    21.219] Build Date: 02 May 2019  08:06:54AM
[    21.219] xorg-server-hwe-18.04 2:1.20.4-1ubuntu3~18.04.1 (For technical support please see http://www.ubuntu.com/support) 
[    21.219] Current version of pixman: 0.34.0
[    21.219] 	Before reporting problems, check http://wiki.x.org
	to make sure that you have the latest version.
[    21.219] Markers: (--) probed, (**) from config file, (==) default setting,
	(++) from command line, (!!) notice, (II) informational,
	(WW) warning, (EE) error, (NI) not implemented, (??) unknown.
[    21.219] (==) Log file: "/home/nenad/.local/share/xorg/Xorg.0.log", Time: Thu Jan  9 19:27:28 2020
[    21.220] (==) Using system config directory "/usr/share/X11/xorg.conf.d"
[    21.220] (==) No Layout section.  Using the first Screen section.
[    21.220] (==) No screen section available. Using defaults.
[    21.220] (**) |-->Screen "Default Screen Section" (0)
[    21.220] (**) |   |-->Monitor "<default monitor>"
[    21.221] (==) No monitor specified for screen "Default Screen Section".
	Using a default monitor configuration.
[    21.221] (==) Automatically adding devices
[    21.221] (==) Automatically enabling devices
[    21.221] (==) Automatically adding GPU devices
[    21.221] (==) Automatically binding GPU devices
[    21.221] (==) Max clients allowed: 256, resource mask: 0x1fffff
[    21.221] (WW) The directory "/usr/share/fonts/X11/cyrillic" does not exist.
[    21.221] 	Entry deleted from font path.
[    21.221] (WW) The directory "/usr/share/fonts/X11/100dpi/" does not exist.
[    21.221] 	Entry deleted from font path.
[    21.221] (WW) The directory "/usr/share/fonts/X11/75dpi/" does not exist.
[    21.221] 	Entry deleted from font path.
[    21.221] (WW) The directory "/usr/share/fonts/X11/100dpi" does not exist.
[    21.221] 	Entry deleted from font path.
[    21.221] (WW) The directory "/usr/share/fonts/X11/75dpi" does not exist.
[    21.221] 	Entry deleted from font path.
[    21.221] (==) FontPath set to:
	/usr/share/fonts/X11/misc,
	/usr/share/fonts/X11/Type1,
	built-ins
[    21.221] (==) ModulePath set to "/usr/lib/xorg/modules"
[    21.221] (II) The server relies on udev to provide the list of input devices.
	If no devices become available, reconfigure udev or disable AutoAddDevices.
[    21.221] (II) Loader magic: 0x5557bdc04020
[    21.221] (II) Module ABI versions:
[    21.221] 	X.Org ANSI C Emulation: 0.4
[    21.221] 	X.Org Video Driver: 24.0
[    21.221] 	X.Org XInput driver : 24.1
[    21.222] 	X.Org Server Extension : 10.0
[    21.223] (++) using VT number 2

[    21.225] (II) systemd-logind: took control of session /org/freedesktop/login1/session/_32
[    21.227] (II) xfree86: Adding drm device (/dev/dri/card0)
[    21.228] (II) systemd-logind: got fd for /dev/dri/card0 226:0 fd 12 paused 0
[    21.230] (--) PCI:*(0@0:2:0) 8086:5906:1025:1269 rev 7, Mem @ 0xb0000000/16777216, 0xa0000000/268435456, I/O @ 0x00004000/64, BIOS @ 0x????????/131072
[    21.230] (II) LoadModule: "glx"
[    21.231] (II) Loading /usr/lib/xorg/modules/extensions/libglx.so
[    21.232] (II) Module glx: vendor="X.Org Foundation"
[    21.232] 	compiled for 1.20.4, module version = 1.0.0
[    21.232] 	ABI class: X.Org Server Extension, version 10.0
[    21.232] (==) Matched modesetting as autoconfigured driver 0
[    21.232] (==) Matched fbdev as autoconfigured driver 1
[    21.232] (==) Matched vesa as autoconfigured driver 2
[    21.232] (==) Assigned the driver to the xf86ConfigLayout
[    21.232] (II) LoadModule: "modesetting"
[    21.232] (II) Loading /usr/lib/xorg/modules/drivers/modesetting_drv.so
[    21.232] (II) Module modesetting: vendor="X.Org Foundation"
[    21.232] 	compiled for 1.20.4, module version = 1.20.4
[    21.232] 	Module class: X.Org Video Driver
[    21.232] 	ABI class: X.Org Video Driver, version 24.0
[    21.232] (II) LoadModule: "fbdev"
[    21.232] (II) Loading /usr/lib/xorg/modules/drivers/fbdev_drv.so
[    21.232] (II) Module fbdev: vendor="X.Org Foundation"
[    21.232] 	compiled for 1.20.1, module version = 0.5.0
[    21.232] 	Module class: X.Org Video Driver
[    21.232] 	ABI class: X.Org Video Driver, version 24.0
[    21.232] (II) LoadModule: "vesa"
[    21.233] (II) Loading /usr/lib/xorg/modules/drivers/vesa_drv.so
[    21.233] (II) Module vesa: vendor="X.Org Foundation"
[    21.233] 	compiled for 1.20.1, module version = 2.4.0
[    21.233] 	Module class: X.Org Video Driver
[    21.233] 	ABI class: X.Org Video Driver, version 24.0
[    21.233] (II) modesetting: Driver for Modesetting Kernel Drivers: kms
[    21.233] (II) FBDEV: driver for framebuffer: fbdev
[    21.233] (II) VESA: driver for VESA chipsets: vesa
[    21.233] xf86EnableIOPorts: failed to set IOPL for I/O (Operation not permitted)
[    21.233] (II) modeset(0): using drv /dev/dri/card0
[    21.233] (WW) Falling back to old probe method for fbdev
[    21.233] (II) Loading sub module "fbdevhw"
[    21.233] (II) LoadModule: "fbdevhw"
[    21.233] (II) Loading /usr/lib/xorg/modules/libfbdevhw.so
[    21.233] (II) Module fbdevhw: vendor="X.Org Foundation"
[    21.233] 	compiled for 1.20.4, module version = 0.0.2
[    21.233] 	ABI class: X.Org Video Driver, version 24.0
[    21.233] (EE) open /dev/fb0: Permission denied
[    21.233] (WW) VGA arbiter: cannot open kernel arbiter, no multi-card support
[    21.233] (II) modeset(0): Creating default Display subsection in Screen section
	"Default Screen Section" for depth/fbbpp 24/32
[    21.233] (==) modeset(0): Depth 24, (==) framebuffer bpp 32
[    21.233] (==) modeset(0): RGB weight 888
[    21.233] (==) modeset(0): Default visual is TrueColor
[    21.233] (II) Loading sub module "glamoregl"
[    21.233] (II) LoadModule: "glamoregl"
[    21.234] (II) Loading /usr/lib/xorg/modules/libglamoregl.so
[    21.237] (II) Module glamoregl: vendor="X.Org Foundation"
[    21.237] 	compiled for 1.20.4, module version = 1.0.1
[    21.237] 	ABI class: X.Org ANSI C Emulation, version 0.4
[    21.253] (II) modeset(0): glamor X acceleration enabled on Mesa DRI Intel(R) HD Graphics 610 (Kaby Lake GT1) 
[    21.253] (II) modeset(0): glamor initialized
[    21.255] (II) modeset(0): Output eDP-1 has no monitor section
[    21.259] (II) modeset(0): Output HDMI-1 has no monitor section
[    21.261] (II) modeset(0): EDID for output eDP-1
[    21.261] (II) modeset(0): Manufacturer: AUO  Model: 403d  Serial#: 0
[    21.261] (II) modeset(0): Year: 2017  Week: 0
[    21.261] (II) modeset(0): EDID Version: 1.4
[    21.261] (II) modeset(0): Digital Display Input
[    21.261] (II) modeset(0): 6 bits per channel
[    21.261] (II) modeset(0): Digital interface is DisplayPort
[    21.261] (II) modeset(0): Max Image Size [cm]: horiz.: 31  vert.: 17
[    21.261] (II) modeset(0): Gamma: 2.20
[    21.261] (II) modeset(0): No DPMS capabilities specified
[    21.261] (II) modeset(0): Supported color encodings: RGB 4:4:4 
[    21.261] (II) modeset(0): First detailed timing is preferred mode
[    21.261] (II) modeset(0): Preferred mode is native pixel format and refresh rate
[    21.261] (II) modeset(0): redX: 0.572 redY: 0.337   greenX: 0.350 greenY: 0.565
[    21.261] (II) modeset(0): blueX: 0.162 blueY: 0.125   whiteX: 0.313 whiteY: 0.329
[    21.261] (II) modeset(0): Manufacturer's mask: 0
[    21.261] (II) modeset(0): Supported detailed timing:
[    21.261] (II) modeset(0): clock: 141.0 MHz   Image Size:  309 x 173 mm
[    21.261] (II) modeset(0): h_active: 1920  h_sync: 1936  h_sync_end 1952 h_blank_end 2104 h_border: 0
[    21.261] (II) modeset(0): v_active: 1080  v_sync: 1083  v_sync_end 1097 v_blanking: 1116 v_border: 0
[    21.261] (II) modeset(0):  AUO
[    21.261] (II) modeset(0):  B140HAN04.0
[    21.261] (II) modeset(0): EDID (in hex):
[    21.261] (II) modeset(0): 	00ffffffffffff0006af3d4000000000
[    21.261] (II) modeset(0): 	001b0104951f1178029b859256599029
[    21.261] (II) modeset(0): 	20505400000001010101010101010101
[    21.261] (II) modeset(0): 	010101010101143780b8703824401010
[    21.261] (II) modeset(0): 	3e0035ad100000180000000000000000
[    21.261] (II) modeset(0): 	00000000000000000000000000fe0041
[    21.261] (II) modeset(0): 	554f0a202020202020202020000000fe
[    21.261] (II) modeset(0): 	004231343048414e30342e30200a00eb
[    21.261] (II) modeset(0): Printing probed modes for output eDP-1
[    21.261] (II) modeset(0): Modeline "1920x1080"x60.0  141.00  1920 1936 1952 2104  1080 1083 1097 1116 -hsync -vsync (67.0 kHz eP)
[    21.262] (II) modeset(0): Modeline "1920x1080"x120.0  356.38  1920 2080 2288 2656  1080 1081 1084 1118 doublescan -hsync +vsync (134.2 kHz d)
[    21.262] (II) modeset(0): Modeline "1920x1080"x119.9  266.50  1920 1944 1960 2000  1080 1081 1084 1111 doublescan +hsync -vsync (133.2 kHz d)
[    21.262] (II) modeset(0): Modeline "1920x1080"x60.0  173.00  1920 2048 2248 2576  1080 1083 1088 1120 -hsync +vsync (67.2 kHz d)
[    21.262] (II) modeset(0): Modeline "1920x1080"x59.9  138.50  1920 1968 2000 2080  1080 1083 1088 1111 +hsync -vsync (66.6 kHz d)
[    21.262] (II) modeset(0): Modeline "1680x1050"x60.0  146.25  1680 1784 1960 2240  1050 1053 1059 1089 -hsync +vsync (65.3 kHz d)
[    21.262] (II) modeset(0): Modeline "1680x1050"x59.9  119.00  1680 1728 1760 1840  1050 1053 1059 1080 +hsync -vsync (64.7 kHz d)
[    21.262] (II) modeset(0): Modeline "1600x1024"x60.2  103.12  1600 1600 1656 1664  1024 1024 1029 1030 +hsync +vsync (62.0 kHz d)
[    21.262] (II) modeset(0): Modeline "1400x1050"x60.0  122.00  1400 1488 1640 1880  1050 1052 1064 1082 +hsync +vsync (64.9 kHz d)
[    21.262] (II) modeset(0): Modeline "1600x900"x120.0  246.00  1600 1728 1900 2200  900 901 904 932 doublescan -hsync +vsync (111.8 kHz d)
[    21.262] (II) modeset(0): Modeline "1600x900"x119.9  186.50  1600 1624 1640 1680  900 901 904 926 doublescan +hsync -vsync (111.0 kHz d)
[    21.262] (II) modeset(0): Modeline "1600x900"x59.9  118.25  1600 1696 1856 2112  900 903 908 934 -hsync +vsync (56.0 kHz d)
[    21.262] (II) modeset(0): Modeline "1600x900"x59.8   97.50  1600 1648 1680 1760  900 903 908 926 +hsync -vsync (55.4 kHz d)
[    21.262] (II) modeset(0): Modeline "1280x1024"x60.0  108.00  1280 1328 1440 1688  1024 1025 1028 1066 +hsync +vsync (64.0 kHz d)
[    21.262] (II) modeset(0): Modeline "1440x900"x59.9  106.50  1440 1520 1672 1904  900 903 909 934 -hsync +vsync (55.9 kHz d)
[    21.262] (II) modeset(0): Modeline "1400x900"x60.0  103.50  1400 1480 1624 1848  900 903 913 934 -hsync +vsync (56.0 kHz d)
[    21.262] (II) modeset(0): Modeline "1400x900"x59.9   86.50  1400 1448 1480 1560  900 903 913 926 +hsync -vsync (55.4 kHz d)
[    21.262] (II) modeset(0): Modeline "1280x960"x60.0  108.00  1280 1376 1488 1800  960 961 964 1000 +hsync +vsync (60.0 kHz d)
[    21.262] (II) modeset(0): Modeline "1440x810"x120.0  198.12  1440 1548 1704 1968  810 811 814 839 doublescan -hsync +vsync (100.7 kHz d)
[    21.262] (II) modeset(0): Modeline "1440x810"x119.9  151.88  1440 1464 1480 1520  810 811 814 833 doublescan +hsync -vsync (99.9 kHz d)
[    21.262] (II) modeset(0): Modeline "1368x768"x59.9   85.25  1368 1440 1576 1784  768 771 781 798 -hsync +vsync (47.8 kHz d)
[    21.262] (II) modeset(0): Modeline "1368x768"x59.9   72.25  1368 1416 1448 1528  768 771 781 790 +hsync -vsync (47.3 kHz d)
[    21.262] (II) modeset(0): Modeline "1360x768"x59.8   84.75  1360 1432 1568 1776  768 771 781 798 -hsync +vsync (47.7 kHz d)
[    21.262] (II) modeset(0): Modeline "1360x768"x60.0   72.00  1360 1408 1440 1520  768 771 781 790 +hsync -vsync (47.4 kHz d)
[    21.262] (II) modeset(0): Modeline "1280x800"x120.0  174.25  1280 1380 1516 1752  800 801 804 829 doublescan -hsync +vsync (99.5 kHz d)
[    21.262] (II) modeset(0): Modeline "1280x800"x119.9  134.25  1280 1304 1320 1360  800 801 804 823 doublescan +hsync -vsync (98.7 kHz d)
[    21.262] (II) modeset(0): Modeline "1280x800"x59.8   83.50  1280 1352 1480 1680  800 803 809 831 -hsync +vsync (49.7 kHz d)
[    21.262] (II) modeset(0): Modeline "1280x800"x59.9   71.00  1280 1328 1360 1440  800 803 809 823 +hsync -vsync (49.3 kHz d)
[    21.262] (II) modeset(0): Modeline "1152x864"x60.0   81.62  1152 1216 1336 1520  864 865 868 895 -hsync +vsync (53.7 kHz d)
[    21.262] (II) modeset(0): Modeline "1280x720"x120.0  156.12  1280 1376 1512 1744  720 721 724 746 doublescan -hsync +vsync (89.5 kHz d)
[    21.262] (II) modeset(0): Modeline "1280x720"x120.0  120.75  1280 1304 1320 1360  720 721 724 740 doublescan +hsync -vsync (88.8 kHz d)
[    21.262] (II) modeset(0): Modeline "1280x720"x59.9   74.50  1280 1344 1472 1664  720 723 728 748 -hsync +vsync (44.8 kHz d)
[    21.262] (II) modeset(0): Modeline "1280x720"x59.7   63.75  1280 1328 1360 1440  720 723 728 741 +hsync -vsync (44.3 kHz d)
[    21.262] (II) modeset(0): Modeline "1024x768"x120.1  133.47  1024 1100 1212 1400  768 768 770 794 doublescan -hsync +vsync (95.3 kHz d)
[    21.262] (II) modeset(0): Modeline "1024x768"x60.0   65.00  1024 1048 1184 1344  768 771 777 806 -hsync -vsync (48.4 kHz d)
[    21.262] (II) modeset(0): Modeline "960x720"x120.0  117.00  960 1024 1128 1300  720 720 722 750 doublescan -hsync +vsync (90.0 kHz d)
[    21.262] (II) modeset(0): Modeline "928x696"x120.1  109.15  928 976 1088 1264  696 696 698 719 doublescan -hsync +vsync (86.4 kHz d)
[    21.262] (II) modeset(0): Modeline "896x672"x120.0  102.40  896 960 1060 1224  672 672 674 697 doublescan -hsync +vsync (83.7 kHz d)
[    21.262] (II) modeset(0): Modeline "1024x576"x119.9   98.50  1024 1092 1200 1376  576 577 580 597 doublescan -hsync +vsync (71.6 kHz d)
[    21.262] (II) modeset(0): Modeline "1024x576"x119.9   78.38  1024 1048 1064 1104  576 577 580 592 doublescan +hsync -vsync (71.0 kHz d)
[    21.262] (II) modeset(0): Modeline "1024x576"x59.9   46.50  1024 1064 1160 1296  576 579 584 599 -hsync +vsync (35.9 kHz d)
[    21.262] (II) modeset(0): Modeline "1024x576"x59.8   42.00  1024 1072 1104 1184  576 579 584 593 +hsync -vsync (35.5 kHz d)
[    21.262] (II) modeset(0): Modeline "960x600"x119.9   96.62  960 1028 1128 1296  600 601 604 622 doublescan -hsync +vsync (74.6 kHz d)
[    21.262] (II) modeset(0): Modeline "960x600"x120.0   77.00  960 984 1000 1040  600 601 604 617 doublescan +hsync -vsync (74.0 kHz d)
[    21.262] (II) modeset(0): Modeline "960x540"x119.9   86.50  960 1024 1124 1288  540 541 544 560 doublescan -hsync +vsync (67.2 kHz d)
[    21.262] (II) modeset(0): Modeline "960x540"x120.0   69.25  960 984 1000 1040  540 541 544 555 doublescan +hsync -vsync (66.6 kHz d)
[    21.262] (II) modeset(0): Modeline "960x540"x59.6   40.75  960 992 1088 1216  540 543 548 562 -hsync +vsync (33.5 kHz d)
[    21.262] (II) modeset(0): Modeline "960x540"x59.8   37.25  960 1008 1040 1120  540 543 548 556 +hsync -vsync (33.3 kHz d)
[    21.262] (II) modeset(0): Modeline "800x600"x120.0   81.00  800 832 928 1080  600 600 602 625 doublescan +hsync +vsync (75.0 kHz d)
[    21.262] (II) modeset(0): Modeline "800x600"x60.3   40.00  800 840 968 1056  600 601 605 628 +hsync +vsync (37.9 kHz d)
[    21.262] (II) modeset(0): Modeline "800x600"x56.2   36.00  800 824 896 1024  600 601 603 625 +hsync +vsync (35.2 kHz d)
[    21.262] (II) modeset(0): Modeline "840x525"x120.0   73.12  840 892 980 1120  525 526 529 544 doublescan -hsync +vsync (65.3 kHz d)
[    21.262] (II) modeset(0): Modeline "840x525"x119.8   59.50  840 864 880 920  525 526 529 540 doublescan +hsync -vsync (64.7 kHz d)
[    21.262] (II) modeset(0): Modeline "864x486"x59.9   32.50  864 888 968 1072  486 489 494 506 -hsync +vsync (30.3 kHz d)
[    21.262] (II) modeset(0): Modeline "864x486"x59.6   30.50  864 912 944 1024  486 489 494 500 +hsync -vsync (29.8 kHz d)
[    21.262] (II) modeset(0): Modeline "800x512"x120.3   51.56  800 800 828 832  512 512 514 515 doublescan +hsync +vsync (62.0 kHz d)
[    21.262] (II) modeset(0): Modeline "700x525"x120.0   61.00  700 744 820 940  525 526 532 541 doublescan +hsync +vsync (64.9 kHz d)
[    21.262] (II) modeset(0): Modeline "800x450"x119.9   59.12  800 848 928 1056  450 451 454 467 doublescan -hsync +vsync (56.0 kHz d)
[    21.262] (II) modeset(0): Modeline "800x450"x119.6   48.75  800 824 840 880  450 451 454 463 doublescan +hsync -vsync (55.4 kHz d)
[    21.262] (II) modeset(0): Modeline "640x512"x120.0   54.00  640 664 720 844  512 512 514 533 doublescan +hsync +vsync (64.0 kHz d)
[    21.262] (II) modeset(0): Modeline "720x450"x119.8   53.25  720 760 836 952  450 451 454 467 doublescan -hsync +vsync (55.9 kHz d)
[    21.262] (II) modeset(0): Modeline "700x450"x119.9   51.75  700 740 812 924  450 451 456 467 doublescan -hsync +vsync (56.0 kHz d)
[    21.262] (II) modeset(0): Modeline "700x450"x119.8   43.25  700 724 740 780  450 451 456 463 doublescan +hsync -vsync (55.4 kHz d)
[    21.262] (II) modeset(0): Modeline "640x480"x120.0   54.00  640 688 744 900  480 480 482 500 doublescan +hsync +vsync (60.0 kHz d)
[    21.263] (II) modeset(0): Modeline "640x480"x59.9   25.18  640 656 752 800  480 490 492 525 -hsync -vsync (31.5 kHz d)
[    21.263] (II) modeset(0): Modeline "720x405"x59.5   22.50  720 744 808 896  405 408 413 422 -hsync +vsync (25.1 kHz d)
[    21.263] (II) modeset(0): Modeline "720x405"x59.0   21.75  720 768 800 880  405 408 413 419 +hsync -vsync (24.7 kHz d)
[    21.263] (II) modeset(0): Modeline "684x384"x119.8   42.62  684 720 788 892  384 385 390 399 doublescan -hsync +vsync (47.8 kHz d)
[    21.263] (II) modeset(0): Modeline "684x384"x119.7   36.12  684 708 724 764  384 385 390 395 doublescan +hsync -vsync (47.3 kHz d)
[    21.263] (II) modeset(0): Modeline "680x384"x119.6   42.38  680 716 784 888  384 385 390 399 doublescan -hsync +vsync (47.7 kHz d)
[    21.263] (II) modeset(0): Modeline "680x384"x119.9   36.00  680 704 720 760  384 385 390 395 doublescan +hsync -vsync (47.4 kHz d)
[    21.263] (II) modeset(0): Modeline "640x400"x119.8   41.75  640 676 740 840  400 401 404 415 doublescan -hsync +vsync (49.7 kHz d)
[    21.263] (II) modeset(0): Modeline "640x400"x120.0   35.50  640 664 680 720  400 401 404 411 doublescan +hsync -vsync (49.3 kHz d)
[    21.263] (II) modeset(0): Modeline "576x432"x120.1   40.81  576 608 668 760  432 432 434 447 doublescan -hsync +vsync (53.7 kHz d)
[    21.263] (II) modeset(0): Modeline "640x360"x119.7   37.25  640 672 736 832  360 361 364 374 doublescan -hsync +vsync (44.8 kHz d)
[    21.263] (II) modeset(0): Modeline "640x360"x119.7   31.88  640 664 680 720  360 361 364 370 doublescan +hsync -vsync (44.3 kHz d)
[    21.263] (II) modeset(0): Modeline "640x360"x59.8   18.00  640 664 720 800  360 363 368 376 -hsync +vsync (22.5 kHz d)
[    21.263] (II) modeset(0): Modeline "640x360"x59.3   17.75  640 688 720 800  360 363 368 374 +hsync -vsync (22.2 kHz d)
[    21.263] (II) modeset(0): Modeline "512x384"x120.0   32.50  512 524 592 672  384 385 388 403 doublescan -hsync -vsync (48.4 kHz d)
[    21.263] (II) modeset(0): Modeline "512x288"x120.0   23.25  512 532 580 648  288 289 292 299 doublescan -hsync +vsync (35.9 kHz d)
[    21.263] (II) modeset(0): Modeline "512x288"x119.8   21.00  512 536 552 592  288 289 292 296 doublescan +hsync -vsync (35.5 kHz d)
[    21.263] (II) modeset(0): Modeline "480x270"x119.3   20.38  480 496 544 608  270 271 274 281 doublescan -hsync +vsync (33.5 kHz d)
[    21.263] (II) modeset(0): Modeline "480x270"x119.6   18.62  480 504 520 560  270 271 274 278 doublescan +hsync -vsync (33.3 kHz d)
[    21.263] (II) modeset(0): Modeline "400x300"x120.6   20.00  400 420 484 528  300 300 302 314 doublescan +hsync +vsync (37.9 kHz d)
[    21.263] (II) modeset(0): Modeline "400x300"x112.7   18.00  400 412 448 512  300 300 301 312 doublescan +hsync +vsync (35.2 kHz d)
[    21.263] (II) modeset(0): Modeline "432x243"x119.8   16.25  432 444 484 536  243 244 247 253 doublescan -hsync +vsync (30.3 kHz d)
[    21.263] (II) modeset(0): Modeline "432x243"x119.1   15.25  432 456 472 512  243 244 247 250 doublescan +hsync -vsync (29.8 kHz d)
[    21.263] (II) modeset(0): Modeline "320x240"x120.1   12.59  320 328 376 400  240 245 246 262 doublescan -hsync -vsync (31.5 kHz d)
[    21.263] (II) modeset(0): Modeline "360x202"x119.0   11.25  360 372 404 448  202 204 206 211 doublescan -hsync +vsync (25.1 kHz d)
[    21.263] (II) modeset(0): Modeline "360x202"x118.3   10.88  360 384 400 440  202 204 206 209 doublescan +hsync -vsync (24.7 kHz d)
[    21.263] (II) modeset(0): Modeline "320x180"x119.7    9.00  320 332 360 400  180 181 184 188 doublescan -hsync +vsync (22.5 kHz d)
[    21.263] (II) modeset(0): Modeline "320x180"x118.6    8.88  320 344 360 400  180 181 184 187 doublescan +hsync -vsync (22.2 kHz d)
[    21.267] (II) modeset(0): EDID for output HDMI-1
[    21.267] (II) modeset(0): Output eDP-1 connected
[    21.267] (II) modeset(0): Output HDMI-1 disconnected
[    21.267] (II) modeset(0): Using exact sizes for initial modes
[    21.267] (II) modeset(0): Output eDP-1 using initial mode 1920x1080 +0+0
[    21.267] (==) modeset(0): Using gamma correction (1.0, 1.0, 1.0)
[    21.267] (==) modeset(0): DPI set to (96, 96)
[    21.267] (II) Loading sub module "fb"
[    21.267] (II) LoadModule: "fb"
[    21.268] (II) Loading /usr/lib/xorg/modules/libfb.so
[    21.268] (II) Module fb: vendor="X.Org Foundation"
[    21.268] 	compiled for 1.20.4, module version = 1.0.0
[    21.268] 	ABI class: X.Org ANSI C Emulation, version 0.4
[    21.268] (II) UnloadModule: "fbdev"
[    21.268] (II) Unloading fbdev
[    21.268] (II) UnloadSubModule: "fbdevhw"
[    21.268] (II) Unloading fbdevhw
[    21.268] (II) UnloadModule: "vesa"
[    21.268] (II) Unloading vesa
[    21.275] (==) modeset(0): Backing store enabled
[    21.275] (==) modeset(0): Silken mouse enabled
[    21.327] (II) modeset(0): Initializing kms color map for depth 24, 8 bpc.
[    21.327] (==) modeset(0): DPMS enabled
[    21.327] (II) modeset(0): [DRI2] Setup complete
[    21.328] (II) modeset(0): [DRI2]   DRI driver: i965
[    21.328] (II) modeset(0): [DRI2]   VDPAU driver: i965
[    21.328] (II) Initializing extension Generic Event Extension
[    21.328] (II) Initializing extension SHAPE
[    21.328] (II) Initializing extension MIT-SHM
[    21.329] (II) Initializing extension XInputExtension
[    21.330] (II) Initializing extension XTEST
[    21.330] (II) Initializing extension BIG-REQUESTS
[    21.330] (II) Initializing extension SYNC
[    21.331] (II) Initializing extension XKEYBOARD
[    21.331] (II) Initializing extension XC-MISC
[    21.332] (II) Initializing extension SECURITY
[    21.332] (II) Initializing extension XFIXES
[    21.332] (II) Initializing extension RENDER
[    21.333] (II) Initializing extension RANDR
[    21.333] (II) Initializing extension COMPOSITE
[    21.334] (II) Initializing extension DAMAGE
[    21.334] (II) Initializing extension MIT-SCREEN-SAVER
[    21.335] (II) Initializing extension DOUBLE-BUFFER
[    21.335] (II) Initializing extension RECORD
[    21.335] (II) Initializing extension DPMS
[    21.336] (II) Initializing extension Present
[    21.336] (II) Initializing extension DRI3
[    21.336] (II) Initializing extension X-Resource
[    21.337] (II) Initializing extension XVideo
[    21.337] (II) Initializing extension XVideo-MotionCompensation
[    21.337] (II) Initializing extension SELinux
[    21.337] (II) SELinux: Disabled on system
[    21.337] (II) Initializing extension GLX
[    21.351] (II) AIGLX: Loaded and initialized i965
[    21.352] (II) GLX: Initialized DRI2 GL provider for screen 0
[    21.352] (II) Initializing extension XFree86-VidModeExtension
[    21.352] (II) Initializing extension XFree86-DGA
[    21.353] (II) Initializing extension XFree86-DRI
[    21.353] (II) Initializing extension DRI2
[    21.357] (II) modeset(0): Damage tracking initialized
[    21.357] (II) modeset(0): Setting screen physical size to 508 x 285
[    21.417] (II) config/udev: Adding input device Power Button (/dev/input/event2)
[    21.417] (**) Power Button: Applying InputClass "libinput keyboard catchall"
[    21.417] (II) LoadModule: "libinput"
[    21.417] (II) Loading /usr/lib/xorg/modules/input/libinput_drv.so
[    21.419] (II) Module libinput: vendor="X.Org Foundation"
[    21.419] 	compiled for 1.20.1, module version = 0.28.1
[    21.419] 	Module class: X.Org XInput Driver
[    21.419] 	ABI class: X.Org XInput driver, version 24.1
[    21.419] (II) Using input driver 'libinput' for 'Power Button'
[    21.420] (II) systemd-logind: got fd for /dev/input/event2 13:66 fd 21 paused 0
[    21.421] (**) Power Button: always reports core events
[    21.421] (**) Option "Device" "/dev/input/event2"
[    21.421] (**) Option "_source" "server/udev"
[    21.422] (II) event2  - Power Button: is tagged by udev as: Keyboard
[    21.422] (II) event2  - Power Button: device is a keyboard
[    21.422] (II) event2  - Power Button: device removed
[    21.422] (**) Option "config_info" "udev:/sys/devices/LNXSYSTM:00/LNXPWRBN:00/input/input2/event2"
[    21.422] (II) XINPUT: Adding extended input device "Power Button" (type: KEYBOARD, id 6)
[    21.422] (**) Option "xkb_layout" "hr"
[    21.440] (II) event2  - Power Button: is tagged by udev as: Keyboard
[    21.440] (II) event2  - Power Button: device is a keyboard
[    21.441] (II) config/udev: Adding input device Acer Wireless Radio Control (/dev/input/event4)
[    21.441] (**) Acer Wireless Radio Control: Applying InputClass "libinput keyboard catchall"
[    21.441] (II) Using input driver 'libinput' for 'Acer Wireless Radio Control'
[    21.441] (II) systemd-logind: got fd for /dev/input/event4 13:68 fd 24 paused 0
[    21.441] (**) Acer Wireless Radio Control: always reports core events
[    21.441] (**) Option "Device" "/dev/input/event4"
[    21.442] (**) Option "_source" "server/udev"
[    21.442] (II) event4  - Acer Wireless Radio Control: is tagged by udev as: Keyboard
[    21.442] (II) event4  - Acer Wireless Radio Control: device is a keyboard
[    21.442] (II) event4  - Acer Wireless Radio Control: device removed
[    21.443] (**) Option "config_info" "udev:/sys/devices/LNXSYSTM:00/LNXSYBUS:00/10251229:00/input/input4/event4"
[    21.443] (II) XINPUT: Adding extended input device "Acer Wireless Radio Control" (type: KEYBOARD, id 7)
[    21.443] (**) Option "xkb_layout" "hr"
[    21.443] (II) event4  - Acer Wireless Radio Control: is tagged by udev as: Keyboard
[    21.443] (II) event4  - Acer Wireless Radio Control: device is a keyboard
[    21.444] (II) config/udev: Adding input device Video Bus (/dev/input/event7)
[    21.444] (**) Video Bus: Applying InputClass "libinput keyboard catchall"
[    21.444] (II) Using input driver 'libinput' for 'Video Bus'
[    21.445] (II) systemd-logind: got fd for /dev/input/event7 13:71 fd 25 paused 0
[    21.445] (**) Video Bus: always reports core events
[    21.445] (**) Option "Device" "/dev/input/event7"
[    21.445] (**) Option "_source" "server/udev"
[    21.446] (II) event7  - Video Bus: is tagged by udev as: Keyboard
[    21.446] (II) event7  - Video Bus: device is a keyboard
[    21.446] (II) event7  - Video Bus: device removed
[    21.446] (**) Option "config_info" "udev:/sys/devices/LNXSYSTM:00/LNXSYBUS:00/PNP0A08:00/LNXVIDEO:00/input/input7/event7"
[    21.446] (II) XINPUT: Adding extended input device "Video Bus" (type: KEYBOARD, id 8)
[    21.446] (**) Option "xkb_layout" "hr"
[    21.447] (II) event7  - Video Bus: is tagged by udev as: Keyboard
[    21.447] (II) event7  - Video Bus: device is a keyboard
[    21.447] (II) config/udev: Adding input device Lid Switch (/dev/input/event0)
[    21.447] (II) No input driver specified, ignoring this device.
[    21.447] (II) This device may have been added with another device file.
[    21.448] (II) config/udev: Adding input device Sleep Button (/dev/input/event1)
[    21.448] (**) Sleep Button: Applying InputClass "libinput keyboard catchall"
[    21.448] (II) Using input driver 'libinput' for 'Sleep Button'
[    21.449] (II) systemd-logind: got fd for /dev/input/event1 13:65 fd 26 paused 0
[    21.449] (**) Sleep Button: always reports core events
[    21.449] (**) Option "Device" "/dev/input/event1"
[    21.449] (**) Option "_source" "server/udev"
[    21.449] (II) event1  - Sleep Button: is tagged by udev as: Keyboard
[    21.449] (II) event1  - Sleep Button: device is a keyboard
[    21.449] (II) event1  - Sleep Button: device removed
[    21.449] (**) Option "config_info" "udev:/sys/devices/LNXSYSTM:00/LNXSYBUS:00/PNP0C0E:00/input/input1/event1"
[    21.450] (II) XINPUT: Adding extended input device "Sleep Button" (type: KEYBOARD, id 9)
[    21.450] (**) Option "xkb_layout" "hr"
[    21.451] (II) event1  - Sleep Button: is tagged by udev as: Keyboard
[    21.451] (II) event1  - Sleep Button: device is a keyboard
[    21.451] (II) config/udev: Adding input device HD User Facing: HD User Facing (/dev/input/event5)
[    21.452] (**) HD User Facing: HD User Facing: Applying InputClass "libinput keyboard catchall"
[    21.452] (II) Using input driver 'libinput' for 'HD User Facing: HD User Facing'
[    21.452] (II) systemd-logind: got fd for /dev/input/event5 13:69 fd 27 paused 0
[    21.452] (**) HD User Facing: HD User Facing: always reports core events
[    21.452] (**) Option "Device" "/dev/input/event5"
[    21.453] (**) Option "_source" "server/udev"
[    21.454] (II) event5  - HD User Facing: HD User Facing: is tagged by udev as: Keyboard
[    21.454] (II) event5  - HD User Facing: HD User Facing: device is a keyboard
[    21.454] (II) event5  - HD User Facing: HD User Facing: device removed
[    21.454] (**) Option "config_info" "udev:/sys/devices/pci0000:00/0000:00:14.0/usb1/1-7/1-7:1.0/input/input5/event5"
[    21.454] (II) XINPUT: Adding extended input device "HD User Facing: HD User Facing" (type: KEYBOARD, id 10)
[    21.454] (**) Option "xkb_layout" "hr"
[    21.455] (II) event5  - HD User Facing: HD User Facing: is tagged by udev as: Keyboard
[    21.455] (II) event5  - HD User Facing: HD User Facing: device is a keyboard
[    21.455] (II) config/udev: Adding input device ELAN0504:00 04F3:3091 Touchpad (/dev/input/event8)
[    21.455] (**) ELAN0504:00 04F3:3091 Touchpad: Applying InputClass "libinput touchpad catchall"
[    21.455] (II) Using input driver 'libinput' for 'ELAN0504:00 04F3:3091 Touchpad'
[    21.456] (II) systemd-logind: got fd for /dev/input/event8 13:72 fd 28 paused 0
[    21.456] (**) ELAN0504:00 04F3:3091 Touchpad: always reports core events
[    21.456] (**) Option "Device" "/dev/input/event8"
[    21.456] (**) Option "_source" "server/udev"
[    21.457] (II) event8  - ELAN0504:00 04F3:3091 Touchpad: is tagged by udev as: Touchpad
[    21.457] (II) event8  - ELAN0504:00 04F3:3091 Touchpad: device is a touchpad
[    21.457] (II) event8  - ELAN0504:00 04F3:3091 Touchpad: device removed
[    21.458] (**) Option "config_info" "udev:/sys/devices/pci0000:00/0000:00:15.1/i2c_designware.1/i2c-1/i2c-ELAN0504:00/0018:04F3:3091.0001/input/input13/event8"
[    21.458] (II) XINPUT: Adding extended input device "ELAN0504:00 04F3:3091 Touchpad" (type: TOUCHPAD, id 11)
[    21.458] (**) Option "AccelerationScheme" "none"
[    21.458] (**) ELAN0504:00 04F3:3091 Touchpad: (accel) selected scheme none/0
[    21.458] (**) ELAN0504:00 04F3:3091 Touchpad: (accel) acceleration factor: 2.000
[    21.458] (**) ELAN0504:00 04F3:3091 Touchpad: (accel) acceleration threshold: 4
[    21.459] (II) event8  - ELAN0504:00 04F3:3091 Touchpad: is tagged by udev as: Touchpad
[    21.459] (II) event8  - ELAN0504:00 04F3:3091 Touchpad: device is a touchpad
[    21.459] (II) config/udev: Adding input device ELAN0504:00 04F3:3091 Touchpad (/dev/input/mouse0)
[    21.459] (II) No input driver specified, ignoring this device.
[    21.459] (II) This device may have been added with another device file.
[    21.460] (II) config/udev: Adding input device HDA Intel PCH Front Headphone (/dev/input/event9)
[    21.460] (II) No input driver specified, ignoring this device.
[    21.460] (II) This device may have been added with another device file.
[    21.460] (II) config/udev: Adding input device HDA Intel PCH HDMI/DP,pcm=3 (/dev/input/event10)
[    21.460] (II) No input driver specified, ignoring this device.
[    21.460] (II) This device may have been added with another device file.
[    21.461] (II) config/udev: Adding input device HDA Intel PCH HDMI/DP,pcm=7 (/dev/input/event11)
[    21.461] (II) No input driver specified, ignoring this device.
[    21.461] (II) This device may have been added with another device file.
[    21.461] (II) config/udev: Adding input device HDA Intel PCH HDMI/DP,pcm=8 (/dev/input/event12)
[    21.461] (II) No input driver specified, ignoring this device.
[    21.461] (II) This device may have been added with another device file.
[    21.462] (II) config/udev: Adding input device HDA Intel PCH HDMI/DP,pcm=9 (/dev/input/event13)
[    21.462] (II) No input driver specified, ignoring this device.
[    21.462] (II) This device may have been added with another device file.
[    21.462] (II) config/udev: Adding input device HDA Intel PCH HDMI/DP,pcm=10 (/dev/input/event14)
[    21.462] (II) No input driver specified, ignoring this device.
[    21.462] (II) This device may have been added with another device file.
[    21.463] (II) config/udev: Adding input device AT Translated Set 2 keyboard (/dev/input/event3)
[    21.463] (**) AT Translated Set 2 keyboard: Applying InputClass "libinput keyboard catchall"
[    21.463] (II) Using input driver 'libinput' for 'AT Translated Set 2 keyboard'
[    21.465] (II) systemd-logind: got fd for /dev/input/event3 13:67 fd 29 paused 0
[    21.465] (**) AT Translated Set 2 keyboard: always reports core events
[    21.465] (**) Option "Device" "/dev/input/event3"
[    21.465] (**) Option "_source" "server/udev"
[    21.466] (II) event3  - AT Translated Set 2 keyboard: is tagged by udev as: Keyboard
[    21.466] (II) event3  - AT Translated Set 2 keyboard: device is a keyboard
[    21.466] (II) event3  - AT Translated Set 2 keyboard: device removed
[    21.466] (**) Option "config_info" "udev:/sys/devices/platform/i8042/serio0/input/input3/event3"
[    21.466] (II) XINPUT: Adding extended input device "AT Translated Set 2 keyboard" (type: KEYBOARD, id 12)
[    21.466] (**) Option "xkb_layout" "hr"
[    21.467] (II) event3  - AT Translated Set 2 keyboard: is tagged by udev as: Keyboard
[    21.467] (II) event3  - AT Translated Set 2 keyboard: device is a keyboard
[    21.469] (II) config/udev: Adding input device Acer WMI hotkeys (/dev/input/event6)
[    21.469] (**) Acer WMI hotkeys: Applying InputClass "libinput keyboard catchall"
[    21.469] (II) Using input driver 'libinput' for 'Acer WMI hotkeys'
[    21.470] (II) systemd-logind: got fd for /dev/input/event6 13:70 fd 30 paused 0
[    21.470] (**) Acer WMI hotkeys: always reports core events
[    21.470] (**) Option "Device" "/dev/input/event6"
[    21.470] (**) Option "_source" "server/udev"
[    21.471] (II) event6  - Acer WMI hotkeys: is tagged by udev as: Keyboard
[    21.471] (II) event6  - Acer WMI hotkeys: device is a keyboard
[    21.471] (II) event6  - Acer WMI hotkeys: device removed
[    21.471] (**) Option "config_info" "udev:/sys/devices/virtual/input/input6/event6"
[    21.471] (II) XINPUT: Adding extended input device "Acer WMI hotkeys" (type: KEYBOARD, id 13)
[    21.471] (**) Option "xkb_layout" "hr"
[    21.472] (II) event6  - Acer WMI hotkeys: is tagged by udev as: Keyboard
[    21.472] (II) event6  - Acer WMI hotkeys: device is a keyboard
[    21.847] (II) modeset(0): EDID vendor "AUO", prod id 16445
[    21.847] (II) modeset(0): Printing DDC gathered Modelines:
[    21.847] (II) modeset(0): Modeline "1920x1080"x0.0  141.00  1920 1936 1952 2104  1080 1083 1097 1116 -hsync -vsync (67.0 kHz eP)
